<?xml version="1.0" encoding="UTF-8"?>
<testng-results skipped="0" failed="0" ignored="0" total="1" passed="1">
  <reporter-output>
  </reporter-output>
  <suite name="Default suite" duration-ms="15885" started-at="2022-07-10T15:41:06 IST" finished-at="2022-07-10T15:41:22 IST">
    <groups>
    </groups>
    <test name="Default test" duration-ms="15885" started-at="2022-07-10T15:41:06 IST" finished-at="2022-07-10T15:41:22 IST">
      <class name="testng.Testclass">
        <test-method status="PASS" signature="m1()[pri:0, instance:testng.Testclass@59e5ddf]" name="m1" duration-ms="15860" started-at="2022-07-10T15:41:06 IST" finished-at="2022-07-10T15:41:22 IST">
          <reporter-output>
          </reporter-output>
        </test-method> <!-- m1 -->
      </class> <!-- testng.Testclass -->
    </test> <!-- Default test -->
  </suite> <!-- Default suite -->
</testng-results>
